1222, 36, 69.29586792, 16.03001976, 0.00, 4, 489.000, 157, 106, -1.00, 54.32, -68, 1
1226, 37, 69.29589081, 16.02984238, 0.00, 4, 491.938, 157, 105, 99745.42, 54.11, -62, 3
1230, 38, 69.29568481, 16.02979469, 0.00, 4, 493.063, 157, 104, 99758.98, 53.73, -63, 3
1234, 39, 69.29565430, 16.02986908, 0.00, 4, 494.313, 157, 105, 83219.82, 53.87, -63, 1
1238, 40, 69.29572296, 16.02982712, 0.00, 4, 496.375, 157, 105, 99495.70, 53.86, -60, 3
1242, 41, 69.29579163, 16.02983093, 0.00, 4, 498.750, 157, 105, 99332.06, 54.04, -63, 3
1246, 42, 69.29593658, 16.02962685, 0.00, 4, 501.125, 157, 106, 99337.76, 54.09, -61, 3
1250, 43, 69.29593658, 16.02931595, 0.00, 4, 502.563, 157, 106, 99208.78, 54.19, -61, 3
1254, 44, 69.29609680, 16.02937889, 0.00, 4, 504.063, 157, 106, 99044.21, 54.32, -67, 3
1258, 45, 69.29598236, 16.02926064, 0.00, 4, 281.938, 157, 106, 98967.38, 54.56, -62, 1
1262, 46, 69.29608154, 16.02944183, 0.00, 4, 507.438, 157, 106, 99003.53, 54.76, -57, 3
1266, 47, 69.29610443, 16.02903366, 0.00, 4, 508.625, 157, 106, 99123.63, 54.87, -58, 1
1270, 48, 69.29608917, 30.02889061, 0.00, 4, 509.000, 157, 105, 99174.98, 53.67, -69, 0
1274, 49, 69.29607391, 16.02924728, 0.00, 4, 509.063, 157, 106, 99067.48, 55.08, -60, 3
1278, 50, 69.29632568, 16.02942467, 0.00, 4, 509.688, 157, 106, 98993.78, 55.36, -62, 3
1282, 51, 69.29655457, 16.02927399, 0.00, 4, 510.125, 157, 106, 98846.20, 55.56, -60, 3
1286, 52, 69.29661560, 16.02888489, 0.00, 4, 510.188, 157, 106, 98720.41, 55.48, -61, 3
1290, 53, 69.29671478, 16.02870750, 0.00, 4, 511.125, 157, 107, 98566.28, 55.51, -59, 3
1294, 54, 69.29700470, 16.02812767, 0.00, 4, 512.625, 157, 107, 98467.78, 55.49, -65, 3
1298, 55, 69.29712677, 16.02791405, 0.00, 4, 514.125, 157, 106, 98242.68, 55.63, -67, 3
1302, 56, 69.29738617, 16.02793121, 0.00, 4, 516.625, 157, 106, 98033.36, 55.92, -68, 3
1306, 57, 69.29781342, 16.02765656, 0.00, 4, 519.188, 157, 107, 97924.69, 55.82, -83, 3
1310, 58, 69.29812622, 16.02733231, 0.00, 4, 520.813, 157, 107, 106067.64, 56.15, -68, 1
1313, 59, 69.29827118, 16.02654839, 0.00, 4, 522.000, 157, 106, 97696.55, 55.89, -71, 3
1317, 60, 69.29850769, 16.02562523, 0.00, 4, 523.188, 157, 105, 97593.86, 56.30, -77, 3
1321, 61, 69.29897308, 16.02518082, 0.00, 4, 524.188, 157, 105, 97476.10, 55.88, -76, 3
1325, 62, 69.29930115, 16.02483940, 9.00, 4, 524.813, 157, 105, 113702.02, 55.45, -81, 1
1329, 63, 69.29972839, 16.02437210, 14.50, 4, 525.688, 157, 105, 97186.70, 55.31, -78, 3
1333, 64, 69.30012512, 16.02415848, 29.00, 4, 527.000, 157, 105, 97027.89, 55.76, -85, 3
1337, 65, 69.30034637, 16.02356911, 39.50, 4, 528.438, 157, 105, 96861.18, 55.91, -74, 3
1341, 66, 69.30084991, 16.02271080, 67.00, 5, 529.375, 157, 105, 96740.48, 55.66, -79, 3
1345, 67, 69.30152130, 16.02102661, 265.00, 5, 530.938, 157, 105, 96624.61, 54.32, -77, 3
1349, 68, 69.30190277, 16.02074242, 276.50, 5, 531.750, 157, 105, 96473.31, 52.27, -80, 3
1353, 69, 69.30221558, 16.02017021, 290.00, 5, 532.500, 157, 105, 96302.20, 49.20, -79, 3
1357, 70, 69.30252838, 16.01989555, 295.00, 5, 533.375, 157, 105, 96123.20, 45.15, -76, 3
1361, 71, 69.30281830, 12.00962257, 307.50, 5, 533.438, 157, 105, 96007.26, 40.70, -79, 2
1365, 72, 69.30325317, 16.01882744, 322.00, 7, 533.188, 157, 105, 95896.19, 36.15, -76, 3
1369, 73, 69.30360413, 16.01808929, 335.00, 7, 531.813, 157, 105, 95724.21, 33.30, -82, 3
1373, 74, 69.30394745, 16.01774216, 348.50, 7, 530.250, 157, 105, 95507.75, 30.88, -83, 3
1377, 75, 69.30416870, 16.01703262, 367.50, 10, 528.875, 157, 105, 95341.58, 29.20, -81, 3
1381, 76, 69.30451202, 16.01637459, 384.00, 10, 527.750, 157, 104, 95166.31, 27.95, -82, 3
1385, 77, 69.30471039, 16.01561165, 397.00, 10, 1295.563, 148, 104, -1.00, 27.20, -80, 1
1389, 78, 69.30493164, 16.01517868, 407.50, 10, 527.688, 157, 104, -1.00, 26.49, -79, 1
1393, 79, 69.30529022, 16.01468086, 420.00, 10, 527.938, 157, 104, 94755.12, 25.66, -90, 3
1397, 80, 69.30557251, 16.01383972, 435.50, 10, 528.063, 157, 104, 94527.07, 25.33, -89, 3
1401, 81, 69.30594635, 16.01322746, 450.00, 10, 528.063, 157, 104, -1.00, 24.73, -86, 1
1405, 82, 69.30620575, 16.01245117, 464.00, 11, 528.938, 157, 104, 94184.09, 24.19, -94, 3
1409, 83, 69.30660248, 16.01168251, 479.50, 11, 529.750, 157, 104, 94032.03, 23.91, -85, 3
1413, 84, 69.30701447, 16.01118851, 492.00, 11, 530.688, 157, 104, -1.00, 23.65, -81, 1
1417, 85, 69.30725861, 16.01052856, 506.50, 11, 531.938, 157, 105, 93703.41, 23.19, -93, 3
1421, 86, 69.30768585, 16.00969696, 520.00, 11, 533.313, 157, 105, 93531.06, 22.96, -84, 3
1425, 87, 69.30802155, 16.00936127, 537.00, 11, 534.313, 156, 105, 93354.93, 22.34, -86, 3
1429, 88, 69.30828094, 16.00869560, 550.50, 11, 534.750, 156, 104, 93205.99, 21.93, -82, 3
1433, 89, 69.30871582, 16.00807571, 565.00, 11, 535.938, 157, 104, 93024.95, 21.45, -87, 3
1437, 90, 69.30904388, 16.00773430, 579.50, 11, 537.375, 157, 104, 92854.56, 21.22, -87, 3
1441, 91, 69.30949402, 16.00703430, 595.50, 11, 538.250, 157, 103, 92661.85, 21.07, -87, 3
1445, 92, 69.30988312, 16.00669479, 612.00, 11, 539.625, 157, 103, 92473.38, 20.70, -82, 3
1448, 93, 69.31027985, 16.00594521, 630.50, 11, 541.063, 156, 103, 92226.03, 20.34, -85, 3
1452, 94, 69.31068420, 16.00566483, 650.00, 11, 541.813, 156, 103, 91992.53, 19.53, -80, 3
1456, 95, 69.31103516, 16.00480652, 666.50, 11, 543.063, 156, 104, 91817.45, 19.22, -89, 3
1460, 96, 69.31132507, 16.00437164, 685.00, 11, 543.625, 157, 104, 91607.89, 18.87, -84, 3
1464, 97, 69.31164551, 16.00375175, 705.00, 11, 544.438, 156, 105, 91364.66, 18.62, -81, 3
1468, 98, 69.31204224, 16.00343132, 720.00, 11, 544.813, 156, 104, 91198.45, 17.87, -81, 3
1472, 99, 69.31233978, 16.00278473, 740.00, 11, 545.813, 156, 104, 90948.55, 17.81, -83, 3
1476, 100, 69.31267548, 16.00254631, 760.00, 11, 546.188, 156, 104, 90738.08, 17.34, -86, 3
1480, 101, 69.31294250, 16.00189018, 777.50, 11, 547.188, 146, 104, 90568.88, 16.86, -81, 1
1484, 102, 69.31324768, 16.00157928, 797.00, 11, 548.875, 156, 104, 90341.48, 16.74, -81, 3
1488, 103, 69.31346130, 16.00114441, 813.00, 11, 550.438, 156, 104, 90066.92, 16.17, -82, 3
1492, 104, 69.31380463, 16.00085449, 836.00, 11, 551.813, 156, 104, 89891.17, 15.68, -90, 1
1496, 105, 69.31410217, 16.00033951, 854.00, 11, 553.063, 156, 104, 89685.11, 15.70, -83, 3
1500, 106, 69.31437683, 16.00022697, 875.00, 11, 554.313, 156, 104, 89475.04, 15.14, -98, 3
1504, 107, 69.31460571, 15.99986172, 890.00, 11, 555.750, 156, 104, 89250.98, 14.79, -84, 3
1508, 108, 69.31487274, 15.99971962, 911.00, 11, 557.563, 156, 104, 89007.98, 14.79, -90, 3
1512, 109, 69.31517029, 15.99941540, 934.00, 11, 559.750, 156, 104, 88701.89, 14.21, -87, 3
1516, 110, 69.31553650, 15.99937630, 955.00, 11, 561.938, 156, 104, 88459.40, 14.35, -88, 1
1520, 111, 69.31580353, 15.99920654, 979.50, 11, 564.750, 156, 104, 88201.92, 14.00, -93, 3
1524, 112, 69.31624603, 15.99917984, 1000.00, 11, 567.438, 156, 105, 87971.16, 13.83, -93, 3
1528, 113, 69.31650543, 15.99919701, 1021.00, 11, 570.250, 156, 105, 87746.70, 13.68, -88, 3
1532, 114, 69.31690216, 15.99898338, 1042.00, 11, 573.563, 156, 106, 87506.52, 14.04, -94, 3
1536, 115, 69.31717682, 15.99911880, 1061.50, 11, 576.375, 156, 106, 87276.34, 13.66, -95, 3
1540, 116, 69.31753540, 15.99913120, 1085.00, 11, 579.563, 156, 105, 87053.26, 13.31, -89, 3
1544, 117, 69.31781006, 15.99903011, 1105.00, 11, 583.063, 156, 105, 86839.16, 13.00, -90, 3
1548, 118, 69.31823730, -1.00000000, 1127.00, 11, 586.875, 156, 104, 86573.55, 13.50, -88, 0
1552, 119, 69.31849670, 15.99880791, 1151.00, 11, 590.875, 156, 105, 86295.89, 12.88, -94, 3
1556, 120, 69.31890106, 15.99898338, 1171.50, 11, 594.375, 156, 104, 86113.14, 13.11, -92, 3
1560, 121, 69.31932831, 15.99919319, 1188.50, 11, 597.813, 156, 104, 85910.59, 12.62, -90, 3
1564, 122, 69.31968689, -15.99905014, 1210.00, 11, 601.813, 156, 104, 85666.52, 12.57, -91, 2
1568, 123, 69.31999207, 15.99923992, 1232.50, 11, 605.813, 156, 104, 85410.48, 12.56, -89, 3
1572, 124, 69.32025146, 15.99923801, 1256.00, 11, 609.813, 156, 104, 85121.28, 12.49, -92, 3
1576, 125, 69.32063293, 15.99929333, 1280.50, 11, 614.188, 156, 104, 84863.25, 12.29, -89, 3
1579, 126, 69.32091522, 15.99913311, 1308.50, 11, 618.750, 156, 105, -1.00, 11.79, -97, 1
1583, 127, 69.32135773, 15.99942970, 1327.00, 11, 623.063, 156, 105, 84339.05, 12.10, -91, 3
1587, 128, 69.32165527, 15.99947643, 1351.50, 11, 628.000, 156, 105, 84084.98, 11.74, -92, 3
1591, 129, 69.32209778, 15.99934959, 1375.50, 11, 632.500, 156, 105, 83815.41, 11.80, -91, 3
1595, 130, 69.32236481, 15.99929142, 1404.00, 11, 637.500, 146, 105, 83517.98, 8.63, -92, 1
1599, 131, 69.32278442, 15.99920654, 1429.00, 11, 642.188, 156, 105, 83296.20, 11.80, -88, 3
1603, 132, 69.32315826, 15.99922466, 1454.00, 11, 647.688, 156, 105, 83002.55, 11.78, -93, 3
1607, 133, 69.32362366, 15.99933624, 1476.50, 11, 652.813, 156, 105, 82752.45, 11.91, -92, 3
1611, 134, 69.32390594, 15.99919701, 1497.00, 11, 657.938, 156, 105, 82506.66, 11.81, -93, 3
1615, 135, 69.32415009, 15.99937153, 1522.50, 11, 663.563, 156, 105, 82257.58, 11.83, -92, 3
1619, 136, 69.32450867, 15.99911308, 1548.50, 11, 669.438, 156, 105, 81993.05, 11.53, -92, 3
1623, 137, 69.32478333, 15.99923515, 1568.50, 11, 675.250, 156, 104, 81677.47, 11.84, -94, 3
1627, 138, 69.32514954, 15.99899006, 1597.00, 11, 681.063, 156, 104, 81419.72, 11.67, -91, 3
1631, 139, 69.32551575, 15.99915791, 1623.50, 11, 687.563, 156, 103, 81153.27, 11.87, -97, 3
1635, 140, 69.32583618, 15.99888039, 1649.00, 11, 693.813, 156, 103, 80867.77, 11.81, -95, 3
1639, 141, 69.32618713, 15.99897480, 1677.00, 11, 700.063, 156, 103, 80585.73, 11.86, -94, 3
1643, 142, 69.32653809, 15.99870968, 1706.00, 11, 706.688, 156, 102, 80256.39, 12.05, -91, 3
1647, 143, 69.32684326, 15.99874020, 1734.00, 11, 713.625, 156, 103, 80000.21, 12.36, -97, 3
1651, 144, 69.32722473, 15.99858189, 1756.00, 11, 720.000, 156, 103, 79711.41, 12.38, -93, 3
1655, 145, 69.32749939, 15.99866199, 1784.00, 11, 726.813, 156, 104, 79442.36, 12.19, -89, 3
1659, 146, 69.32791138, 15.99834824, 1811.50, 11, 732.625, 156, 104, 79175.66, 12.14, -94, 3
1663, 147, 69.32827759, 15.99851322, 1839.50, 11, 738.875, 156, 105, 78904.22, 12.33, -92, 3
1667, 148, 69.32861328, 15.99825287, 1868.00, 11, 745.813, 156, 105, 78619.56, 12.39, -96, 3
1671, 149, 69.32905579, 15.99812698, 1894.00, 11, 752.000, 156, 106, 78326.23, 12.20, -91, 3
1675, 150, 69.32934570, 15.99825287, 1920.00, 11, 758.063, 156, 106, 78070.34, 12.37, -98, 3
1679, 151, 69.32980347, 15.99818516, 1945.50, 11, 765.188, 156, 106, 77812.94, 12.20, -97, 3
1683, 152, 69.33012390, 15.99806023, 1972.00, 11, 773.313, 156, 105, 77513.81, 12.19, -99, 3
1687, 153, 69.33055115, 15.99814129, 1993.50, 11, 780.875, 156, 105, 77278.25, 11.94, -87, 3
1691, 154, 69.33087921, 15.99784184, 2019.50, 11, 788.625, 156, 105, 77006.52, 12.09, -94, 3
1695, 155, 69.33119202, 15.99801636, 2043.50, 11, 795.938, 156, 105, 76752.95, 11.99, -90, 3
1699, 156, 69.33157349, 15.99778843, 2070.00, 11, 803.250, 156, 105, 76495.84, 12.00, -95, 3
1703, 157, 69.33185577, 15.99780369, 2096.50, 11, 810.313, 156, 105, 76218.66, 12.07, -94, 3
1707, 158, 69.33229828, 15.99776840, 2121.50, 11, 818.938, 156, 105, 75876.86, 8.64, -94, 1
1711, 159, 69.33260345, 15.99738026, 2151.50, 11, 827.125, 156, 105, 75617.95, 12.51, -91, 3
1714, 160, 69.33304596, 15.99715996, 2179.50, 11, 834.375, 156, 106, 73780.30, 11.99, -93, 1
1718, 161, 69.33329773, 15.99710178, 2208.50, 12, 841.688, 156, 106, 75048.27, 12.06, -91, 3
1722, 162, 69.33369446, 15.99686527, 2236.00, 12, 848.188, 156, 106, 74802.12, 12.30, -94, 3
1726, 163, 69.33406067, 15.99664021, 2261.00, 12, 856.313, 156, 106, 74536.34, 12.36, -97, 3
1730, 164, 69.33432007, 15.99671173, 2294.50, 12, 865.313, 156, 107, 74189.17, 12.30, -93, 3
1734, 165, 69.33460999, 15.99639130, 2322.00, 12, 874.500, 156, 106, 73933.38, 12.43, -97, 3
1738, 166, 69.33486176, 15.99654865, 2347.00, 13, 881.813, 156, 107, 73706.86, 12.21, -88, 3
1742, 167, 69.33518219, 15.99619865, 2372.50, 13, 888.938, 156, 107, 73450.80, 11.85, -94, 3
1746, 168, 69.33552551, 15.99607468, 2398.50, 13, 896.063, 156, 107, 73191.81, 12.15, -93, 3
1750, 169, 69.33580780, 15.99573040, 2417.00, 13, 903.313, 156, 107, 72964.42, 11.89, -96, 3
1754, 170, 69.33605194, -15.99529648, 2438.00, 13, 909.375, 156, 107, -1.00, 12.04, -91, 0
1758, 171, 69.33634949, 15.99517536, 2457.00, 13, 917.125, 156, 108, 72512.23, 12.47, -88, 3
1762, 172, 69.33659363, 15.99495125, 2486.50, 13, 925.250, 156, 108, 72240.58, 12.12, -97, 3
1766, 173, 69.33692169, 15.99477005, 2514.50, 13, 933.313, 156, 108, 71980.09, 11.87, -94, 3
1770, 174, 69.33718109, 15.99435997, 2541.00, 13, 940.688, 156, 108, 71758.36, 12.00, -94, 3
1774, 175, 69.33739471, 15.99423504, 2564.50, 13, 948.438, 156, 108, 71551.10, 11.93, -94, 3
1778, 176, 69.33765411, 15.99395657, 2590.50, 13, 956.063, 156, 107, 71323.00, 11.78, -92, 3
1782, 177, 69.33797455, 15.99361801, 2612.50, 13, 962.438, 156, 108, 71050.24, 11.82, -93, 3
1786, 178, 69.33818817, 15.99345970, 2639.50, 13, 971.125, 156, 107, 70810.87, 11.91, -99, 3
1790, 179, 69.33842468, 15.99291706, 2666.00, 13, 978.938, 156, 107, 70609.66, 12.14, -97, 3
1794, 180, 69.33860016, 15.99263477, 2685.00, 13, 984.938, 156, 107, 70427.60, 11.98, -96, 3
1798, 181, 69.33894348, 15.99219131, 2708.50, 13, 990.813, 155, 107, 70167.94, 12.06, -96, 3
1802, 182, 69.33920288, 15.99178791, 2731.00, 13, 997.875, 155, 108, 69957.09, 12.07, -96, 3
1806, 183, 69.33949280, 15.99101353, 2758.00, 13, 1004.125, 156, 107, 69728.95, 12.56, -96, 2
1810, 184, 69.33969116, 15.99055290, 2781.00, 13, 1011.438, 156, 99, -1.00, 12.34, -90, 1
1814, 185, 69.34001160, 15.99002457, 2803.50, 13, 1020.375, 156, 108, 69266.05, 12.93, -90, 3
1818, 186, 69.34018707, 15.98955631, 2820.50, 13, 1027.125, 155, 108, 69093.05, 13.10, -96, 3
1822, 187, 69.34053802, 15.98898983, 2847.50, 12, 1034.188, 155, 109, 68848.24, 13.34, -97, 3
1826, 188, 69.34079742, 15.98836136, 2870.50, 13, 1041.750, 155, 108, 68647.69, 13.32, -96, 1
1830, 189, 69.34118652, 15.98781013, 2897.50, 13, 1050.438, 155, 109, 68420.45, 13.48, -98, 3
1834, 190, 69.34150696, 15.98708153, 2922.00, 13, 1059.875, 156, 109, 68175.95, 13.92, -93, 1
1838, 191, 69.34185791, 15.98596382, 2941.50, 13, 1067.125, 155, 110, 67999.45, 14.63, -93, 3
1842, 192, 69.34219360, -1.00000000, 2966.00, 13, 1074.750, 155, 110, 67791.55, 15.54, -93, 0
1845, 193, 69.34244537, 15.98488617, 2985.00, 13, 1081.375, 155, 109, 67611.71, 16.17, -89, 3
1849, 194, 69.34285736, 15.98408985, 3008.00, 13, 1089.438, 155, 109, 67406.39, 16.78, -91, 3
1853, 195, 69.34315491, 15.98303795, 3027.00, 13, 1096.063, 155, 109, 67219.53, 17.64, -90, 3
1857, 196, 69.34352875, 15.98242188, 3049.00, 13, 1103.063, 155, 109, 67041.18, 18.37, -88, 3
1861, 197, 69.34386444, -1.00000000, 3072.00, 13, 1109.438, 155, 109, 66800.42, 18.97, -86, 0
1865, 198, 69.34412384, 15.98040199, 3091.00, 13, 1114.938, 155, 110, 66628.20, 19.79, -90, 3
1869, 199, 69.34443665, -1.00000000, 3112.00, 13, 1152.375, 155, 110, 66420.38, 20.38, -94, 0
1873, 200, 69.34469604, 15.97828197, 3138.00, 13, 1126.250, 155, 110, 66207.96, 21.07, -94, 3
1877, 201, 69.34508514, 15.97728539, 3165.00, 13, 1131.938, 155, 110, 66002.70, 21.96, -89, 3
1881, 202, 69.34534454, 15.97622299, 3182.50, 13, 1138.500, 155, 110, 65773.25, 22.48, -93, 3
1885, 203, 69.34563446, 15.97529984, 3203.50, 13, 1143.313, 155, 110, 65605.27, 22.77, -91, 3
1889, 204, 69.34597778, 15.97437859, 3225.00, 13, 1149.500, 155, 110, 65406.26, 23.22, -95, 3
1893, 205, 69.34619904, -1.00000000, 3242.50, 13, 1156.500, 155, 110, 0.00, 23.60, -95, 0
1897, 206, 69.34653473, 15.97194004, 3267.50, 13, 1162.313, 155, 110, 65051.58, 24.41, -92, 3
1901, 207, 69.34687042, 15.97104359, 3284.50, 13, 1168.688, 155, 110, 64881.34, 24.03, -93, 3
1905, 208, 69.34707642, 15.96993828, 3301.00, 13, 1175.000, 155, 110, 64753.82, 24.46, -92, 3
1909, 209, 69.34741211, 15.96886635, 3317.50, 13, 926.188, 155, 111, 64576.02, 24.60, -94, 1
1913, 210, 69.34774017, 15.96751976, 3333.50, 13, 1189.938, 155, 111, 64444.77, 24.81, -90, 3
1917, 211, 69.34810638, 15.96663284, 3351.00, 13, 1196.000, 155, 107, 35598.43, 24.84, -91, 1
1921, 212, 69.34842682, 15.96568871, 3372.00, 13, 1202.438, 155, 111, 64078.22, 25.53, -92, 3
1925, 213, 69.34866333, 15.96477127, 3394.50, 13, 1209.375, 155, 111, 63933.67, 25.44, -95, 3
1929, 214, 69.34902954, 15.96405315, 3407.50, 13, 1215.125, 155, 111, 63802.99, 25.99, -92, 1
1933, 215, 69.34931183, 15.96296978, 3426.00, 13, 1221.625, 155, 110, 63622.41, 27.25, -94, 3
1937, 216, 69.34954834, 15.96221542, 3442.00, 13, 1226.063, 155, 111, 63500.36, 28.01, -94, 3
1941, 217, 69.34987640, 15.96111679, 3457.50, 13, 1232.000, 155, 111, 63358.88, 29.06, -93, 3
1945, 218, 69.35022736, 15.96032143, 3474.50, 13, 1239.063, 155, 111, 63174.01, 29.68, -97, 3
1949, 219, 69.35048676, 15.95931816, 3493.00, 13, 1245.063, 155, 111, 63020.41, 30.89, -95, 3
1953, 220, 69.35081482, 15.95854378, 3514.00, 13, 1251.000, 155, 112, 62865.46, 31.45, -97, 3
1957, 221, 69.35113525, 15.95724010, 3530.00, 13, 1257.000, 155, 112, 62708.89, 32.28, -95, 3
1961, 222, 69.35150909, 15.95649147, 3543.00, 13, 1262.063, 155, 112, 62576.98, 33.07, -91, 3
1965, 223, 69.35192871, 15.95530701, 3561.50, 13, 1266.250, 155, 113, 62421.49, 33.53, -93, 3
1969, 224, 69.35223389, 15.95444965, 3578.00, 13, 1270.000, 155, 113, 62320.74, 34.04, -94, 3
1973, 225, 69.35254669, 15.95335865, 3596.00, 12, 1273.875, 155, 114, 62167.52, 34.33, -98, 3
1977, 226, 69.35289764, 15.95220470, 3614.00, 13, 1278.938, 155, 113, 62013.97, 34.89, -98, 3
1980, 227, 69.35316467, 15.95142365, 3626.50, 13, 1283.250, 155, 113, 61911.18, 35.67, -95, 3
1984, 228, 69.35349274, 15.95035458, 3641.50, 13, 1288.875, 155, 113, 61773.34, 36.21, -94, 1
1988, 229, 69.35385132, 15.94901180, 3658.50, 13, 1294.750, 155, 113, 61635.56, 36.56, -95, 3
1992, 230, 69.35415649, 15.94774628, 3671.00, 13, 1299.938, 155, 112, 61487.94, 36.95, -99, 3
1996, 231, 69.35452271, -1.00000000, 3689.50, 13, 1306.938, 155, 112, 61330.83, 37.13, -96, 0
2000, 232, 69.35489655, -1.00000000, 3703.00, 12, 1312.625, 155, 112, 61233.93, 37.43, -95, 2
2004, 233, 69.35522461, 15.94410324, 3717.00, 13, 1318.750, 155, 113, 61105.92, 37.98, -92, 3
2008, 234, 65.35562134, -1.00000000, 3729.50, 13, 1324.063, 155, 113, 61011.05, 38.66, -92, 2
2012, 235, 69.35588837, 15.94229031, 3742.50, 13, 1330.000, 155, 113, 60890.26, 38.85, -91, 3
2016, 236, 69.35617828, 15.94121838, 3755.00, 13, 1335.875, 155, 113, 60766.75, 39.47, -94, 3
2020, 237, 69.35649872, -1.00000000, 3771.50, 13, 1342.375, 155, 113, 60593.75, 39.91, -92, 2
2024, 238, 69.35684967, 15.93869781, 3792.50, 13, 1349.250, 155, 113, 60465.07, 40.54, -91, 3
2028, 239, 69.35717010, 15.93722153, 3814.00, 13, 1356.875, 155, 114, 60280.38, 41.30, -96, 3
2032, 240, 69.35758209, 15.93624306, 3835.00, 13, 1364.063, 155, 114, -1.00, 41.79, -92, 1
2036, 241, 69.35784912, 15.93484211, 3851.00, 12, 1370.000, 155, 115, 59912.46, 42.16, -97, 3
2040, 242, 69.35807800, -1.00000000, 3869.50, 13, 1374.875, 155, 115, -1.00, 42.35, -92, 0
2044, 243, 69.35842133, 15.93241310, 3890.00, 13, 1379.875, 155, 115, 59618.19, 42.51, -94, 3
2048, 244, 69.35874176, 15.93136215, 3907.00, 13, 1383.125, 155, 116, 59522.16, 42.72, -95, 3
2052, 245, 69.35910034, 15.92996788, 3918.50, 13, 1386.063, 155, 116, 59424.61, 42.41, -94, 3
2056, 246, 69.35942841, 15.92839050, 3931.00, 13, 1389.188, 155, 116, 59307.57, 42.18, -94, 3
2060, 247, 69.35984039, 15.92685127, 3944.00, 13, 1392.938, 155, 116, 59209.08, 42.06, -95, 3
2064, 248, 69.36013794, 15.92537975, 3961.50, 13, 1396.063, 155, 116, 59052.14, 41.70, -92, 3
2068, 249, 69.36054230, 15.92402840, 3987.50, 13, 1402.250, 155, 116, 58808.39, 41.39, -93, 3
2072, 250, 69.36086273, 15.92267513, 4009.00, 12, 1408.313, 155, 116, 58666.93, 40.99, -91, 3
2076, 251, 69.36112213, 15.92117691, 4021.50, 13, 1414.313, 155, 116, 58570.55, 41.00, -97, 3
2080, 252, 69.36138916, 15.91988373, 4034.50, 13, 1419.125, 155, 116, 58448.46, 40.61, -93, 3
2084, 253, 69.36173248, 15.91843510, 4049.50, 13, 1424.875, 154, 116, 58319.10, 40.35, -93, 3
2088, 254, 69.36205292, 15.91718960, 4064.00, 13, 1430.813, 154, 117, 58220.29, 39.80, -97, 3
2092, 255, 69.36241150, 15.91574287, 4079.00, 13, 2972.750, 155, 117, 58079.08, 39.55, -92, 1
2096, 256, 69.36280060, 15.91446209, 4103.00, 13, 1442.688, 155, 117, 57912.79, 39.08, -96, 3
2100, 257, 69.36302185, 15.91306019, 4124.00, 12, 1450.875, 155, 117, 57705.73, 38.98, -92, 3
2104, 258, 69.36339569, 15.91151047, 4142.50, 13, 1458.750, 155, 117, 57528.27, 38.62, -97, 3
2108, 259, 69.36357880, 15.91002178, 4163.50, 13, 1466.875, 147, 117, 57371.07, 38.71, -92, 1
2111, 260, 69.36389160, 15.90828323, 4185.00, 13, 1474.000, 154, 117, 57219.43, 38.65, -91, 3
2115, 261, 69.36409760, 15.90677834, 4204.50, 13, 1483.063, 155, 117, 57093.41, 38.33, -91, 3
2119, 262, 69.36436462, 15.90519142, 4220.00, 13, 1491.125, 155, 117, 56919.28, 38.66, -90, 3
2123, 263, 69.36461639, 15.90402126, 4240.50, 13, 1498.375, 155, 117, 0.00, 38.82, -90, 1
2127, 264, 69.36484528, 15.90247631, 4261.50, 13, 1506.938, 154, 117, 56619.41, 39.13, -98, 3
2131, 265, 69.36515808, 15.90082836, 4287.00, 13, 1516.188, 154, 118, 56408.21, 39.04, -91, 3
2135, 266, 69.36550140, 15.89929962, 4302.50, 13, 1524.000, 186, 118, 56286.02, 39.65, -97, 1
2139, 267, 69.36579132, -1.00000000, 4322.50, 13, 1532.563, 154, 118, 56103.45, 43.01, -97, 0
2143, 268, 69.36610413, 15.89618206, 4342.00, 13, 1540.438, 154, 119, 55956.84, 39.71, -94, 3
2147, 269, 69.36631012, 15.89512157, 4363.00, 13, 1550.625, 154, 119, 55776.42, 40.03, -92, 3
2151, 270, 69.36659241, 15.89384651, 4382.00, 13, 1561.125, 154, 119, 55642.27, 39.94, -89, 3
2155, 271, 69.36690521, 15.89227295, 4402.00, 13, 1570.125, 154, 119, 55440.91, 40.20, -90, 3
2159, 272, 69.36708069, 15.89049816, 4427.50, 12, 1581.063, 154, 120, 55256.06, 40.40, -92, 3
2163, 273, 69.36722565, -15.88892841, 4451.00, 13, 1591.188, 154, 121, 55058.46, 40.33, -96, 2
2167, 274, 69.36760712, 15.88733482, 4473.00, 13, 1599.188, 154, 121, 54918.67, 40.06, -92, 3
2171, 275, 69.36783600, 15.88594341, 4494.00, 12, 1606.438, 154, 121, 54731.02, 39.51, -93, 3
2175, 276, 69.36809540, -15.88461304, 4520.50, 13, 1616.813, 147, 121, 0.00, 39.04, -90, 0
2179, 277, 69.36846924, 15.88300323, 4547.50, 13, 1625.625, 154, 122, 54324.04, 38.82, -91, 3
2183, 278, 69.36880493, 15.88141155, 4568.50, 13, 1633.563, 154, 122, -1.00, 88.41, -92, 1
2187, 279, 69.36903381, 15.87989807, 4593.00, 13, 1643.625, 154, 121, 53921.28, 38.13, -96, 3
2191, 280, 69.36920929, -1.00000000, 4619.00, 13, 1652.813, 154, 120, 53711.67, 37.70, -93, 0
2195, 281, 69.36953735, 15.87712288, 4644.50, 13, 1661.938, 154, 121, 53571.88, 37.66, -97, 3
2199, 282, 69.36979675, -0.00000000, 4667.00, 12, 1670.125, 147, 121, 53395.16, 87.47, -91, 0
2203, 283, 69.36993408, 15.87418652, 4689.50, 13, 3218.938, 154, 121, 53173.42, 37.43, -91, 1
2207, 284, 69.37026215, 15.87292957, 4713.00, 13, 1694.875, 154, 120, 52962.80, 37.29, -94, 3
2211, 285, 69.37053680, 15.87183857, 4742.50, 13, 1706.438, 154, 120, 52776.45, 37.39, -92, 0
2215, 286, 69.37086487, 15.87038040, 4767.50, 13, 1715.938, 154, 121, 52597.20, 36.95, -90, 3
2219, 287, 69.37104797, 15.86921978, 4789.00, 13, 1728.000, 154, 122, 52417.85, 36.98, -91, 3
2223, 288, 69.37123108, 15.86827374, 4814.00, 13, 1739.250, 154, 122, 52235.13, 36.80, -93, 3
2227, 289, 69.37159729, 15.86695480, 4842.00, 13, 1749.813, 154, 122, 52053.71, 36.78, -95, 3
2231, 290, 69.37181854, 15.86548138, 4869.50, 13, 1760.250, 154, 123, 51870.02, 36.81, -94, 3
2235, 291, 69.37214661, 15.86454010, 4893.50, 13, 1770.813, 154, 123, 51719.37, 36.94, -91, 3
2239, 292, 69.37242889, 15.86333656, 4914.50, 13, 1782.125, 154, 123, 51523.53, 37.21, -93, 3
2243, 293, 69.37267303, 15.86207962, 4940.00, 13, 1793.063, 154, 123, 51359.76, 37.11, -93, 3
2246, 294, 69.37298584, -0.00000000, 4955.50, 13, 1804.125, 154, 124, -1.00, 37.39, -92, 0
2250, 295, 69.37336731, 15.85967827, 4982.00, 13, 1816.188, 154, 124, 51007.73, 37.30, -96, 3
2254, 296, 69.37364197, 15.85825348, 5007.00, 13, 1825.938, 154, 124, 50876.48, 37.50, -97, 3
2258, 297, 69.37392426, 15.85699368, 5033.00, 13, 1840.875, 154, 124, 50671.61, 37.79, -98, 3
2262, 298, 69.37414551, 15.85563183, 5060.00, 13, 1854.563, 154, 123, 50478.81, 38.17, -98, 3
2266, 299, 69.37435913, 15.85439491, 5081.50, 13, 1866.438, 154, 123, 50334.73, 38.18, -93, 3
2270, 300, 69.37463379, 15.85313797, 5100.50, 13, 1879.063, 154, 123, 50198.78, 38.51, -92, 3
2274, 301, 69.12490845, -15.85200310, 5123.50, 13, 1890.750, 154, 124, 50019.84, 38.75, -94, 2
2278, 302, 69.37517548, 15.85074139, 5151.50, 13, 1906.188, 154, 124, 49810.07, 38.93, -92, 3
2282, 303, 69.37535858, 15.84943295, 5178.00, 13, 1922.125, 154, 124, 49623.77, 39.28, -94, 3
2286, 304, 69.37552643, 15.84849358, 5192.50, 13, 1934.125, 154, 124, 49454.55, 39.55, -93, 3
2290, 305, 69.37579346, 15.84724998, 5218.50, 13, 1948.563, 154, 123, 49289.32, 39.63, -91, 3
2294, 306, 69.37602997, 15.84608459, 5247.00, 13, 1960.938, 154, 124, 49117.07, 40.06, -92, 3
2298, 307, 69.37623596, 15.84517193, 5266.50, 12, 1969.625, 154, 124, 48964.74, 40.36, -92, 3
2302, 308, 69.37657166, 15.84394360, 5288.50, 13, 3006.875, 154, 124, 48780.58, 43.55, -92, 1
2306, 309, 69.37679291, 15.84259033, 5319.00, 13, 1996.938, 90, 124, 48573.60, 41.07, -96, 1
2310, 310, 69.37696075, 15.84157181, 5340.50, 13, 2006.938, 154, 125, 48432.72, 41.01, -95, 3
2314, 311, 69.37718201, 15.84020996, 5363.00, 13, 2018.125, 154, 125, 48278.29, 41.24, -94, 3
2318, 312, 69.37734985, 15.83904457, 5388.00, 13, 2032.625, 154, 125, 48063.94, 41.23, -93, 3
2322, 313, 69.37760925, 15.83763981, 5407.00, 13, 2044.375, 154, 125, 47954.43, 41.51, -92, 3
2326, 314, 69.37776947, 15.83655548, 5429.00, 13, 2053.125, 154, 125, 47796.20, 41.63, -94, 3
2330, 315, 69.37797546, 15.83547497, 5453.00, 13, 2062.375, 154, 126, 47621.69, 42.01, -92, 3
2334, 316, 69.37809753, -1.00000000, 5477.00, 13, 2073.125, 154, 126, 47442.64, 42.04, -93, 2
2338, 317, 69.37831879, 15.83369350, 5499.00, 12, 2082.375, 153, 127, 47324.21, 42.39, -93, 3
2342, 318, 69.37846375, 15.83278656, 5518.00, 13, 2091.063, 153, 127, 47178.92, 42.87, -93, 3
2346, 319, 69.37872314, 15.83180332, 5537.50, 13, 2100.688, 154, 127, 47044.21, 42.91, -95, 3
2350, 320, 69.37888336, 15.83111477, 5557.00, 13, 2109.125, 154, 128, 46895.15, 43.23, -95, 3
2354, 321, 69.37908936, 15.83006477, 5574.00, 13, 2119.000, 154, 128, 46777.78, 43.43, -97, 3
2358, 322, 69.37919617, 15.82916355, 5592.50, 13, 2130.688, 153, 128, 46567.48, 43.75, -96, 3
2362, 323, 69.37924194, 15.82841969, 5614.00, 13, 2138.000, 153, 128, 46715.94, 44.03, -93, 1
2366, 324, 69.37935638, 15.82748508, 5643.00, 13, 2145.813, 153, 129, -1.00, 44.25, -92, 1
2370, 325, 69.37962341, 15.82667542, 5667.50, 13, 2150.438, 153, 130, -1.00, 44.34, -94, 1
2374, 326, 69.37978363, 15.82586288, 5686.50, 13, 2154.813, 153, 129, 46038.21, 44.47, -94, 3
2377, 327, 69.37992859, 15.82501316, 5701.50, 13, 2160.625, 153, 130, 45912.41, 44.64, -94, 3
2381, 328, 69.38006592, 15.82442856, 5717.00, 11, 2165.125, 153, 130, 45792.28, 44.82, -96, 3
2385, 329, 69.38016510, 15.82371521, 5735.50, 13, 2172.875, 153, 130, 45640.25, 44.90, -96, 3
2389, 330, 69.38024139, 15.82317162, 5762.00, 13, 1670.938, 153, 130, 47740.30, 44.71, -95, 1
2393, 331, 69.38049316, 15.82257652, 5784.00, 13, 2189.938, 153, 130, 45337.23, 44.93, -95, 3
2397, 332, 69.38066101, 15.82189178, 5803.00, 13, 2194.125, 153, 129, 45231.63, 44.91, -96, 3
2401, 333, 69.38090515, 15.82110691, 5825.50, 13, 2198.000, 153, 130, 45091.70, 44.72, -98, 3
2405, 334, 69.44367218, -1.00000000, 5845.00, 13, 2200.938, 153, 130, 44963.75, 44.86, -98, 2
2409, 335, 69.38143158, 15.81954956, 5864.50, 13, 2205.750, 153, 130, 44811.50, 47.01, -100, 1
2413, 336, 69.38157654, 15.81868458, 5881.50, 13, 2214.188, 153, 130, 44723.02, 44.49, -97, 3
2417, 337, 69.38180542, 15.81816959, 5898.50, 13, 2220.000, 153, 131, 44578.83, 44.19, -96, 3
2421, 338, 69.38214874, 15.81740189, 5920.50, 12, 2228.313, 153, 130, 44421.96, 43.91, -96, 3
2425, 339, 69.38241577, 15.81643867, 5939.50, 13, 2234.000, 153, 131, 44318.28, 43.85, -100, 3
2429, 340, 69.38272095, 15.81585789, 5954.00, 13, 2238.563, 153, 131, 44220.66, 43.62, -99, 3
2433, 341, 69.38298035, 15.81508160, 5973.00, 13, 2245.625, 153, 131, 44095.75, 43.25, -100, 3
2437, 342, 69.38328552, 15.81439877, 5989.50, 13, 2252.875, 153, 130, 43948.75, 43.29, -99, 3
2441, 343, 69.38368225, 15.81349850, 6005.00, 13, 2256.625, 153, 130, 43863.01, 42.99, -98, 3
2445, 344, 69.38394928, 15.81289005, 6021.50, 13, 2260.188, 153, 130, 43762.36, 42.29, -98, 1
2449, 345, 69.38432312, 15.81224823, 6035.50, 13, 2266.000, 153, 131, 43672.33, 42.44, -95, 3
2453, 346, 69.38471222, 15.81162834, 6051.50, 13, 2270.063, 153, 132, 43580.83, 41.98, -95, 3
2457, 347, 69.38498688, 15.81082821, 6064.00, 13, 2272.813, 153, 132, 43517.81, 41.70, -95, 3
2461, 348, 69.38536835, 15.81016541, 6074.50, 13, 2275.250, 153, 133, 43439.81, 41.28, -95, 3
2465, 349, 69.38570404, 15.80932331, 6086.00, 13, 2280.063, 153, 133, 43352.54, 41.35, -97, 3
2469, 350, 69.38595581, 15.80863667, 6102.50, 13, 2286.625, 153, 133, 43231.49, 40.77, -95, 3
2473, 351, 69.44881439, -1.00000000, 6119.50, 13, 2293.000, 153, 132, 43125.27, 40.40, -96, 0
2477, 352, 69.38669586, 15.80733013, 6135.00, 13, 2299.000, 153, 134, 43035.61, 40.24, -94, 3
2481, 353, 69.38698578, 15.80677319, 6147.50, 13, 2303.375, 153, 134, 42947.77, 39.92, -97, 3
2485, 354, 69.38728333, 15.80613518, 6165.00, 13, 2309.188, 153, 134, 42848.35, 42.91, -97, 1
2489, 355, 69.38761139, 15.80538368, 6180.00, 13, 2321.000, 153, 134, 42717.93, 39.45, -97, 3
2493, 356, 69.38797760, 15.80504799, 6201.50, 13, 2329.250, 153, 135, 42635.88, 39.17, -97, 3
2497, 357, 69.38827515, 15.80452347, 6214.50, 13, 2336.375, 153, 135, 42532.89, 38.62, -96, 3
2501, 358, 69.38855743, 15.17889500, 6233.50, 12, 2346.000, 153, 135, 42377.53, 38.38, -96, 2
2505, 359, 69.38875580, 15.80331516, 6259.00, 13, 3382.250, 153, 135, 42280.36, 38.28, -97, 1
2509, 360, 69.38896942, 15.80257130, 6272.00, 13, 2367.313, 153, 135, 42189.47, 38.04, -94, 3
2512, 361, 69.38922882, 15.80196857, 6291.50, 13, 2377.125, 153, 136, 42061.56, 38.15, -96, 3
2516, 362, 69.38951111, 15.80125141, 6312.00, 11, 2386.313, 153, 136, 41915.53, 37.89, -93, 3
2520, 363, 69.38976288, -15.80031300, 6325.50, 13, 2390.938, 153, 137, 41852.67, 37.96, -96, 2
2524, 364, 69.89000702, -1.00000000, 6340.00, 12, 2395.750, 153, 137, 54016.55, 37.96, -95, 0
2528, 365, 69.39015961, 15.79903030, 6349.50, 13, 2403.250, 152, 137, 41607.71, 37.78, -95, 3
2532, 366, 69.39030457, 15.79815292, 6370.50, 13, 2410.000, 153, 137, 41505.71, 37.91, -92, 3
2536, 367, 69.39048767, 15.79742813, 6388.00, 13, 2413.875, 153, 138, 41443.59, 37.96, -92, 3
2540, 368, 69.39071655, 15.79675484, 6402.00, 13, 2417.563, 153, 138, 41359.18, 38.05, -92, 3
2544, 369, 69.39090729, 15.79610157, 6418.00, 13, 2421.688, 153, 138, -1.00, 38.03, -94, 1
2548, 370, 69.39103699, 15.79541969, 6428.00, 12, 2430.125, 152, 137, 41109.47, 37.93, -94, 3
2552, 371, 69.39108276, 15.79523182, 6431.50, 13, 2441.188, 152, 137, 40949.11, 38.25, -94, 3
2556, 372, 69.39131165, 15.79471207, 6455.00, 13, 2447.875, 152, 137, 40850.23, 38.06, -94, 3
2560, 373, 69.39154816, 15.79420185, 6481.50, 12, 1430.500, 153, 137, 40761.33, 38.10, -97, 1
2564, 374, 69.39180756, 15.79357147, 6504.50, 12, 2461.063, 153, 138, 40636.93, 38.28, -96, 3
2568, 375, 69.39194489, 15.79296207, 6517.50, 11, 1446.313, 153, 140, 40533.84, 37.81, -98, 1
2572, 376, 69.39218140, 15.79234505, 6533.00, 11, 2477.000, 152, 138, 40419.55, 38.20, -96, 3
2576, 377, 69.39241791, 15.79177666, 6557.50, 12, 2484.000, 152, 138, 40309.51, 38.19, -98, 3
2580, 378, 69.45510864, 15.79119301, 6580.50, 12, 3772.375, 152, 139, 40201.53, 38.10, -96, 0
2584, 379, 69.39292145, 15.79069805, 6602.50, 12, 2500.188, 156, 138, 40059.36, 38.24, -97, 1
2588, 380, 69.39311218, 15.79035854, 6628.50, 12, 2509.438, 152, 140, 39949.47, 37.86, -95, 3
2592, 381, 69.39326477, 15.78993797, 6645.50, 12, 2515.250, 152, 141, 39840.42, 38.27, -98, 3
2596, 382, 69.39347839, 15.78964329, 6665.50, 13, 2522.375, 152, 141, 39735.38, 38.41, -95, 3
2600, 383, 69.39359283, 15.78917503, 6691.50, 12, 2532.563, 152, 141, 39600.54, 38.35, -96, 3
2604, 384, 69.39376068, 15.78871346, 6706.50, 11, 2542.875, 152, 142, 39481.68, 38.37, -95, 3
2608, 385, 69.39386749, 15.78841496, 6724.50, 12, 2555.813, 152, 141, -1.00, 38.01, -95, 1
2612, 386, 69.39417267, 15.78801155, 6753.50, 10, 2568.000, 152, 141, 40471.00, 38.19, -95, 1
2616, 387, 69.39447021, -0.00000000, 6768.50, 12, 2578.813, 152, 142, 39104.94, 38.23, -95, 2
2620, 388, 69.39463806, 15.78674984, 6785.00, 12, 2584.625, 152, 142, -1.00, 41.30, -97, 1
2624, 389, 69.39479828, 15.78612995, 6801.50, 12, 2592.063, 152, 142, 38920.38, 38.35, -95, 3
2628, 390, 69.39503479, 15.78559971, 6826.00, 11, 2601.938, 152, 142, 38775.22, 38.33, -96, 3
2632, 391, 69.39522552, 13.78496170, 6834.00, 12, 2613.500, 152, 142, 38666.36, 38.11, -97, 2
2636, 392, 69.39540100, 15.78429031, 6853.50, 12, 2623.125, 152, 142, 38550.73, 38.11, -95, 3
2640, 393, 69.39559937, 15.78385544, 6874.50, 12, 2631.875, 152, 142, 38437.21, 38.12, -99, 3
2643, 394, 69.39571381, 15.78351688, 6895.50, 12, 2641.063, 152, 142, 38298.84, 38.04, -95, 3
2647, 395, 69.39593506, 15.78302002, 6910.00, 12, 2651.313, 152, 143, 38164.17, 41.44, -98, 1
2651, 396, 69.39617920, 15.78290844, 6939.00, 12, 2663.500, 152, 144, 38074.22, 38.13, -98, 3
2655, 397, 69.39636993, 15.78244495, 6959.00, 11, 2673.000, 152, 144, 37987.30, 38.19, -99, 3
2659, 398, 69.39656067, 15.78203297, 6971.00, 12, 2683.938, 152, 144, 37859.63, 38.13, -96, 3
2663, 399, 69.39674377, 15.78170490, 6992.00, 11, 2696.375, 152, 143, 37718.27, 38.04, -98, 2
2667, 400, 69.39694977, 15.78119469, 7010.00, 11, 2712.000, 152, 143, 37581.50, 38.27, -100, 3
2671, 401, 69.39704895, 15.78069115, 7033.00, 12, 2722.375, 152, 144, 37479.34, 38.15, -96, 3
2675, 402, 69.39730072, 15.78030491, 7057.50, 10, 2732.063, 152, 145, 37390.09, 37.93, -99, 3
2679, 403, 69.39745331, -1.00000000, 7077.50, 12, 2644.625, 152, 145, 37258.43, 38.00, -99, 0
2683, 404, 65.39766693, -1.00000000, 7102.50, 12, 2751.438, 152, 144, 49415.50, 40.93, -95, 0
2687, 405, 69.39789581, 15.77907848, 7130.50, 11, 2762.500, 152, 145, 37001.71, 38.09, -99, 1
2691, 406, 69.39817810, 15.77871990, 7149.50, 12, 2773.438, 152, 144, 36869.97, 37.56, -96, 1
2695, 407, 69.39829254, 15.77829838, 7167.50, 12, 2784.063, 152, 144, 36775.71, 37.81, -95, 3
2699, 408, 69.39852905, 15.77802658, 7189.00, 12, 2792.313, 152, 145, 36659.93, 37.81, -98, 3
2703, 409, 69.39865112, 15.77752876, 7213.00, 12, 2802.375, 152, 146, 36455.23, 37.85, -95, 3
2707, 410, 69.39886475, 15.77717209, 7240.50, 12, 2812.500, 152, 146, 36375.95, 37.94, -98, 3
2711, 411, 69.39905548, 15.77694035, 7258.00, 12, 2819.688, 151, 146, -1.00, 37.98, -99, 1
2715, 412, 69.39923859, 15.77651978, 7273.50, 12, 2827.000, 151, 146, 36181.74, 38.15, -96, 3
2719, 413, 69.39942169, 15.77623463, 7291.00, 12, 2836.063, 151, 146, 36087.05, 37.82, -96, 3
2723, 414, 69.39962006, 15.77574348, 7316.00, 12, 2844.375, 151, 147, 35921.86, 37.98, -96, 3
2727, 415, 69.39981842, 15.08820343, 7330.00, 12, 2853.313, 151, 148, 35834.21, 38.16, -98, 2
2731, 416, 69.39997101, 15.77524471, 7342.00, 12, 2859.375, 151, 149, 35757.02, 38.02, -96, 3
2735, 417, 69.40014648, 15.77490807, 7362.00, 12, 2866.313, 151, 149, 35642.93, 38.48, -97, 3
2739, 418, 69.40036774, 15.77446175, 7384.50, 11, 2875.813, 151, 149, 35506.73, 38.18, -99, 3
2743, 419, 69.40062714, 15.77427006, 7399.50, 12, 2888.688, 151, 150, 35395.31, 38.36, -96, 2
2747, 420, 69.40062714, 15.77380371, 7415.50, 12, 2903.250, 151, 150, 35248.78, 38.43, -95, 3
2751, 421, 69.40071869, 15.77326202, 7448.50, 12, 2919.750, 151, 150, 35125.94, 38.02, -96, 3
2755, 422, 69.40090179, 15.77293873, 7471.50, 12, 2929.938, 151, 150, 35018.77, 38.13, -96, 3
2759, 423, 69.40110779, 15.77266979, 7494.00, 12, 2939.125, 151, 150, 34914.41, 38.48, -96, 3
2763, 424, 69.40129089, 15.77223301, 7519.50, 12, 2951.625, 151, 150, 34785.41, 38.32, -98, 3
2767, 425, 69.40146637, -1.00000000, 7540.50, 10, 2960.188, 151, 149, 34687.62, 38.27, -96, 2
2771, 426, 69.40160370, 15.77134800, 7566.00, 12, 2972.188, 151, 149, 59109.84, 38.39, -96, 1
2775, 427, 69.40175629, 15.77073193, 7594.50, 12, 2985.375, 151, 150, 34142.17, 38.54, -95, 1
2778, 428, 69.40184021, 15.77020836, 7615.50, 12, 2994.000, 151, 150, 34304.48, 38.37, -97, 3
2782, 429, 69.40205383, 15.76994324, 7637.50, 10, 3002.188, 151, 151, 34166.63, 38.34, -95, 3
2786, 430, 69.40216064, 15.76935482, 7655.50, 12, 3009.250, 151, 151, 34090.85, 38.55, -98, 3
2790, 431, 69.40237427, 15.76877022, 7675.50, 12, 3019.688, 151, 152, 34707.15, 38.56, -96, 1
2794, 432, 69.40255737, 15.76811695, 7696.00, 12, 3029.313, 151, 152, 33848.28, 38.59, -97, 1
2798, 433, 69.40273285, 15.76785660, 7719.50, 12, 3040.125, 151, 152, -1.00, 38.58, -96, 1
2802, 434, 69.40294647, -1.00000000, 7743.00, 11, 3050.313, 151, 152, 33589.64, 38.67, -98, 2
2806, 435, 69.40312958, 15.76671028, 7765.00, 11, 3058.125, 151, 153, 33489.63, 38.73, -95, 3
2810, 436, 69.40330505, 15.76622295, 7784.50, 11, 3066.750, 151, 152, 33399.88, 38.69, -96, 3
2814, 437, 69.40356445, -1.00000000, 7804.50, 12, 3075.750, 151, 169, 33302.04, 38.72, -98, 0
2818, 438, 69.40369415, 15.76545620, 7817.50, 12, 3084.188, 151, 152, 33173.99, 38.92, -95, 3
2822, 439, 69.40390778, 15.76531506, 7847.00, 12, 3091.688, 151, 153, 33055.55, 38.77, -95, 3
2826, 440, 69.40406799, 15.76512623, 7864.00, 12, 3098.000, 151, 153, 32971.32, 38.66, -96, 3
2830, 441, 69.40422821, 15.76462841, 7883.00, 12, 3103.875, 151, 153, 32844.19, 38.74, -95, 3
2834, 442, 69.40441132, 15.76411819, 7900.50, 12, 3111.625, 183, 154, 32719.30, 38.81, -96, 1
2838, 443, 69.40472412, 15.76355839, 7915.00, 12, 3110.938, 151, 155, 32613.70, 38.68, -97, 3
2842, 444, 69.40491486, 15.76311493, 7936.50, 12, 3110.563, 151, 155, 32541.41, 39.04, -98, 3
2846, 445, 69.40506744, 15.76273155, 7956.50, 11, 3110.000, 151, 155, 32420.78, 39.13, -97, 3
2850, 446, 69.40524292, 15.76252842, 7977.50, 12, 3111.125, 151, 155, 32323.62, 38.95, -98, 3
2854, 447, 69.40541840, 15.76991940, 8003.00, 12, 3118.500, 150, 154, 17842.78, 39.04, -98, 0
2858, 448, 69.40561676, 15.76164341, 8036.00, 11, 3130.500, 150, 155, 32048.99, 38.92, -97, 1
2862, 449, 69.40588379, 15.76100540, 8058.50, 12, 3136.000, 150, 155, 31952.37, 39.03, -97, 3
2866, 450, 69.40602112, 15.76058960, 8079.00, 12, 3142.063, 150, 155, 31832.68, 14.13, -98, 1
2870, 451, 69.40612030, 15.76028156, 8107.00, 12, 3151.313, 150, 155, 31699.97, 39.19, -98, 3
2874, 452, 69.40634155, 15.76006508, 8133.00, 11, 3158.188, 150, 157, 31557.10, 39.14, -99, 1
2878, 453, 69.40660858, 15.75946140, 8152.50, 12, 3160.875, 150, 157, 31485.27, 39.17, -96, 3
2882, 454, 69.40681458, 15.75927544, 8172.50, 11, 3169.063, 150, 157, 31377.89, 39.14, -97, 3
2886, 455, 69.40700531, 15.75904179, 8193.00, 11, 3179.688, 150, 157, 31243.91, 39.16, -98, 3
2890, 456, 69.40715027, 15.75871372, 8221.00, 12, 3191.250, 150, 158, 31112.25, 39.16, -97, 3
2894, 457, 69.40731049, 15.75869179, 8243.00, 12, 3200.563, 150, 158, 31014.64, 39.32, -98, 3
2898, 458, 69.40747070, 15.75847149, 8261.50, 10, 3211.688, 150, 158, 30914.15, 39.26, -97, 3
2902, 459, 69.40749359, 4230085632.00000000, 8270.50, 12, 3228.000, 150, 159, 30775.84, 39.08, -97, 0
2906, 460, 69.40762329, 15.75793171, 8284.00, 12, 3242.875, 150, 159, 30628.10, 39.11, -99, 1
2909, 461, 69.40768433, -15.75771809, 8298.00, 12, 3259.500, 150, 158, 30493.05, 39.13, -100, 2
2913, 462, 69.40788269, 15.75751495, 8322.50, 12, 3267.375, 150, 158, 30322.88, 39.07, -97, 3
2917, 463, 69.40821075, -15.75728703, 8365.50, 12, 3279.250, 150, 158, 30175.50, 39.10, -98, 2
2921, 464, 69.40844727, -0.00000000, 8407.50, 12, 3283.563, 150, 159, 30053.42, 39.14, -97, 0
2925, 465, 69.40868378, 15.75661373, 8436.50, 12, 3288.563, 150, 159, 29936.28, 39.07, -97, 3
2929, 466, 69.40879059, 15.75614643, 8467.00, 12, 3296.813, 150, 159, 29809.48, 39.04, -97, 3
2933, 467, 69.40899658, 15.75564671, 8494.00, 13, 3296.438, 150, 160, 29730.95, 39.08, -98, 3
2937, 468, 69.40927887, 15.75539875, 8518.00, 12, 3299.750, 150, 160, 29650.40, 39.03, -97, 3
2941, 469, 69.40956116, 15.75508118, 8538.00, 12, 3296.625, 150, 160, 29573.72, 39.11, -98, 3
2945, 470, 69.40979767, -0.00000000, 8559.50, 12, 3282.813, 150, 161, 29463.45, 39.22, -99, 0
2949, 471, 69.40998840, 15.75453186, 8581.50, 12, 3074.563, 150, 161, 29319.62, 38.98, -98, 0
2953, 472, 69.41014099, 15.75391006, 8608.00, 12, 3307.750, 150, 160, 0.00, 39.11, -99, 1
2957, 473, 69.41031647, 15.75335884, 8644.00, 11, 3321.188, 150, 161, 29024.50, 38.98, -96, 3
2961, 474, 69.41042328, 15.75287342, 8653.50, 12, 3331.688, 149, 161, 28877.82, 39.00, -99, 3
2965, 475, 69.41057587, -0.00000000, 8678.50, 12, 3330.313, 149, 162, 28790.58, 38.94, -98, 2
2969, 476, 69.41075134, 15.75162983, 8708.00, 10, 3328.563, 21, 162, 28685.61, 39.58, -98, 1
2973, 477, 69.41099548, 15.77832699, 8732.00, 11, 3331.625, 149, 162, 22419.30, 39.14, -98, 0
2977, 478, 69.41123962, 15.75043201, 8765.50, 11, 3339.500, 21, 163, 28450.25, 39.11, -98, 1
2981, 479, 69.41151428, 15.74971008, 8805.00, 11, 3340.000, 149, 163, 28286.41, 39.00, -99, 3
2985, 480, 69.41167450, 15.74962807, 8838.00, 11, 3336.063, 149, 164, 28176.60, 39.10, -98, 3
2989, 481, 69.41191864, 15.74956036, 8856.00, 10, 3332.500, 149, 164, 28079.02, 39.06, -99, 3
2993, 482, 69.41202545, 15.74937820, 8878.00, 11, 3336.313, 145, 164, 27968.52, 39.00, -97, 1
2997, 483, 69.41233063, 15.74902344, 8910.50, 11, 3335.063, 149, 164, 27837.93, 38.97, -97, 3
3001, 484, 69.41251373, 15.74954319, 8943.50, 11, 3335.063, 149, 165, 27719.35, 39.23, -97, 3
3005, 485, 69.41255951, -15.74964809, 8967.00, 11, 3331.750, 149, 165, 27570.70, 39.15, -97, 2
3009, 486, 69.41282654, 15.74973679, 8994.50, 10, 3330.250, 149, 166, 27475.96, 39.17, -98, 1
3013, 487, 69.41298676, 15.75029373, 9022.50, 10, 3325.063, 149, 166, 0.00, 42.38, -97, 1
3017, 488, 69.41297150, 15.75047016, 9046.00, 11, 3323.563, 149, 166, 27253.76, 39.23, -97, 3
3021, 489, 69.41304779, 15.75070381, 9062.50, 10, 3318.375, 149, 167, 27178.61, 39.29, -98, 3
3025, 490, 69.41307831, 15.75076485, 9078.50, 11, 3312.813, 149, 167, 27102.93, 39.46, -96, 3
3029, 491, 69.41320038, 15.75087357, 9096.00, 11, 3307.563, 149, 166, -1.00, 39.48, -99, 1
3033, 492, 69.41327667, 15.75087643, 9117.00, 11, 3307.500, 149, 162, 26913.64, 39.19, -97, 1
3037, 493, 69.41328430, 15.75092506, 9133.50, 9, 3313.750, 149, 167, 26804.44, 39.41, -98, 3
3041, 494, 69.41342163, 15.75140667, 9164.50, 11, 3317.813, 149, 168, 26668.61, 39.55, -98, 3
3044, 495, 69.41365814, 15.75154972, 9182.50, 11, 3322.063, 149, 168, 26604.84, 39.61, -96, 3
3048, 496, 69.41381073, 15.75170040, 9201.50, 11, 3316.250, 149, 168, 26526.30, 39.70, -98, 3
3052, 497, 69.41398621, 15.75201321, 9226.50, 10, 3314.313, 149, 168, 26303.20, 39.63, -96, 1
3056, 498, 69.41422272, 15.75221539, 9254.00, 11, 3318.813, 149, 167, 26305.39, 39.57, -97, 3
3060, 499, 69.41432953, 15.75254822, 9264.50, 10, 3320.000, 148, 168, 26207.49, 20.93, -98, 1
3064, 500, 69.41448212, 15.75289345, 9276.50, 10, 3317.438, 148, 167, 26118.40, 39.80, -98, 3
3068, 501, 69.41459656, 15.75368118, 9302.00, 10, 3312.500, 148, 168, 26017.23, 39.95, -97, 3
3072, 502, 69.41479492, 15.75408459, 9326.50, 10, 3303.688, 180, 168, 25931.89, 39.68, -98, 1
3076, 503, 69.41488647, -1.00000000, 9352.50, 11, 3299.625, 148, 169, 25838.57, 39.89, -97, 2
3080, 504, 69.41497803, 15.75496292, 9375.00, 11, 3297.313, 148, 169, 25741.15, 39.91, -96, 3
3084, 505, 69.41515350, -0.00000000, 9397.00, 10, 3295.313, 4, 170, -1.00, 46.09, -98, 0
3088, 506, 69.41530609, 15.75601482, 9429.00, 11, 3298.438, 149, 171, 25579.38, 39.80, -99, 3
3092, 507, 69.41530609, -15.75668812, 9438.50, 9, 3303.813, 148, 172, 25474.52, 39.82, -98, 2
3096, 508, 117.41413879, -1.00000000, 9442.50, 10, 3306.688, 148, 173, 25366.48, 39.98, -99, 2
3100, 509, 69.41533661, 3938.13452148, 9452.00, 11, 3307.625, 148, 174, 25283.62, 39.92, -99, 2
3104, 510, 69.41543579, 15.75889206, 9464.00, 10, 3309.438, 148, 175, 25165.25, 39.91, -98, 3
3108, 511, 69.41548157, -0.00000000, 9469.00, 9, 3307.438, 180, 208, -1.00, 39.86, -98, 0
3112, 512, 69.41557312, 15.76002121, 9475.50, 9, 3308.500, 148, 176, 24973.30, 39.99, -98, 3
3116, 513, 69.41564941, 15.76067352, 9484.50, 10, 3310.813, 148, 177, 24877.50, 40.03, -98, 3
3120, 514, 69.41566467, 15.76124477, 9509.00, 10, 3314.938, 148, 177, 24785.82, 39.91, -99, 3
3124, 515, 69.41575623, -1.00000000, 9545.00, 11, 3318.438, 148, 177, 24650.31, 40.14, -98, 0
3128, 516, 69.41587830, 15.76223373, 9579.00, 10, 3319.188, 148, 177, 24587.71, 39.97, -98, 3
3132, 517, 69.41609955, 15.76253033, 9621.50, 10, 3316.938, 148, 178, 26531.60, 39.98, -98, 1
3136, 262, 69.41609955, 15.76296806, 9634.50, 10, 3322.313, 148, 178, 24413.64, 40.04, -98, 2
3140, 519, 69.41611481, 15.76325512, 9643.00, 10, 3319.563, 148, 178, 24328.84, 40.12, -99, 3
3144, 520, 69.41622162, 15.76393032, 9665.50, 11, 3317.688, 148, 178, 24235.84, 40.07, -98, 3
3148, 521, 69.41627502, 15.76449299, 9688.00, 11, 3320.250, 148, 178, 24169.47, 39.96, -98, 3
3152, 522, 69.41638947, 15.76478195, 9709.50, 11, 3323.188, 148, 178, 24071.07, 40.04, -98, 3
3156, 523, 69.41643524, 15.76524830, 9754.50, 12, 3322.500, 148, 179, 23972.95, 39.90, -98, 3
3160, 524, 69.41657257, 15.76570988, 9795.50, 12, 3322.750, 147, 179, 23909.38, 39.96, -98, 3
3164, 525, 69.41667175, -0.00000000, 9838.00, 12, 3326.375, 147, 179, 23701.33, 84.38, -98, 0
3168, 526, 69.41663361, 15.76694202, 9861.00, 10, 3336.563, 147, 179, 23685.47, 40.39, -99, 1
3172, 527, 69.41658783, 15.76744461, 9885.50, 11, 3344.063, 147, 179, 23607.34, 39.98, -99, 3
3175, 528, 69.41659546, 15.76793861, 9917.00, 11, 3513.875, 147, 179, 23554.05, 40.05, -100, 1
3179, 529, 69.41660309, 15.76830673, 9938.50, 11, 3344.188, 147, 179, 23502.04, 39.98, -99, 3
3183, 530, 69.41655731, 15.76886463, 9954.50, 10, 3345.563, 147, 180, 23357.39, 39.84, -99, 3
3187, 531, 69.41654968, 15.76949120, 9958.00, 11, 3346.563, 147, 180, 23258.32, 39.76, -99, 3
3191, 532, 69.41651154, 15.76986980, 9960.50, 12, 3344.063, 147, 181, 23196.77, 2.44, -100, 1
3195, 533, 69.41639709, 15.77030468, 9963.50, 13, 3336.375, 147, 181, 23103.11, 40.02, -99, 3
3199, 534, 69.41629028, 15.77092361, 9970.50, 11, 3331.563, 147, 181, 23018.19, 39.90, -99, 3
3203, 535, 69.41628265, 15.77151012, 9986.50, 11, 3330.313, 147, 181, 22934.89, 40.13, -99, 3
3207, 536, 69.41629028, 15.77184963, 10000.00, 10, 3322.188, 147, 181, 22843.39, 39.94, -99, 3
3211, 537, 69.41641235, 15.77203465, 10045.00, 9, 3315.250, 147, 181, 22760.91, 40.00, -99, 3
3215, 538, 69.41648102, 15.77229500, 10079.50, 10, 3315.063, 147, 181, 22681.26, 39.83, -99, 3
3219, 539, 69.41644287, 15.77271461, 10097.50, 12, 3090.125, 147, 181, 23502.10, 40.16, -97, 1
3223, 540, 69.41641235, 15.77308846, 10123.00, 11, 3311.250, 147, 182, 22537.08, 40.16, -99, 0
3227, 541, 69.41647339, 15.77352810, 10154.50, 10, 3306.250, 147, 182, 22452.27, 40.04, -97, 3
3231, 542, 69.41644287, 15.77384663, 10188.50, 9, 3307.188, 147, 182, 22364.76, 39.90, -97, 3
3235, 543, 69.41633606, 15.77424526, 10223.00, 10, 3305.188, 147, 183, 22283.00, 40.18, -99, 0
3239, 544, 69.41619110, 15.77488041, 10237.50, 10, 3307.438, 146, 182, 22204.33, 40.02, -98, 3
3243, 545, 69.41600037, -1.00000000, 10246.00, 11, 3304.188, 147, 182, 22131.60, 40.15, -97, 2
3247, 546, 69.43337250, 15.77620697, 10249.50, 12, 3303.438, 82, 183, 22056.56, 40.16, -97, 0
3251, 547, 69.41565704, 15.77683640, 10271.00, 10, 3304.250, 178, 183, 21980.83, 40.09, -99, 1
3255, 548, 69.41553497, 15.77740192, 10293.50, 10, 3297.375, 146, 183, 21915.11, 39.94, -97, 1
3259, 549, 69.41553497, 15.77798653, 10329.00, 9, 3297.063, 178, 183, 21832.31, 40.14, -97, 1
3263, 550, 69.41533661, 15.77858353, 10339.00, 9, 3299.438, 178, 183, 21740.34, 40.06, -97, 1
3267, 551, 69.41519165, 15.77927971, 10358.00, 10, 3303.000, 146, 183, 21670.66, 40.35, -97, 3
3271, 552, 69.41513062, 15.77981853, 10369.50, 10, 3301.375, 146, 183, 21611.27, 40.20, -98, 3
3275, 553, 69.41509247, 15.78043842, 10377.50, 9, 3294.688, 146, 183, 21.03, 40.20, -98, 1
3279, 554, 69.41529846, 15.78042507, 10521.50, 11, 3297.250, 146, 182, 21455.11, 40.30, -98, 1
3283, 555, 69.41519165, 15.78100872, 10533.50, 9, 3298.438, 146, 184, 21378.64, 40.12, -98, 3
3287, 556, 69.41503143, 15.78176117, 10537.50, 11, 3296.875, 146, 184, 21316.13, 40.21, -97, 3
3291, 557, 69.41490173, 15.78241158, 10554.50, 11, 3299.375, 146, 184, 21244.14, 40.09, -96, 3
3295, 558, 69.41483307, 15.78281498, 10586.00, 10, 3299.750, 146, 184, 21171.96, 39.97, -98, 3
3299, 559, 69.41467285, 15.78351784, 10598.50, 10, 3299.375, 146, 184, 21112.09, 40.14, -97, 3
3303, 560, 69.41448975, 15.78441048, 10600.00, 9, 3307.625, 146, 185, 21037.27, 40.02, -97, 3
3306, 561, 69.41448975, 15.78509712, 10632.50, 9, 3308.313, 146, 185, 20950.72, 40.22, -98, 1
3310, 562, 69.41440582, 15.78582859, 10662.50, 10, 3306.688, 146, 185, 20894.74, 40.01, -95, 3
3314, 563, 69.41439819, 15.78656197, 10694.00, 11, 3299.750, 146, 185, 20830.27, 40.08, -94, 3
3318, 564, 69.41432190, 15.78733635, 10718.00, 10, 3307.313, 145, 186, 20771.27, 40.00, -97, 3
3322, 565, 69.41429901, 15.78814697, 10742.00, 9, 3307.000, 145, 186, 20714.80, 40.01, -97, 3
3326, 566, 69.41426086, 15.78891373, 10757.50, 11, 3311.813, 145, 186, -1.00, 39.96, -100, 1
3330, 567, 69.41420746, 15.78997326, 10776.00, 9, 3316.688, 145, 186, 21981.16, 39.92, -96, 1
3334, 568, 69.41406250, 15.79092979, 10791.50, 11, 3321.875, 145, 186, 20492.63, 40.10, -97, 3
3338, 569, 69.41395569, 15.79191303, 10795.00, 11, 3323.875, 145, 186, 20418.16, 39.83, -99, 3
3342, 570, 69.41376495, 15.79277992, 10802.50, 9, 3329.813, 145, 187, 20357.24, 40.00, -98, 3
3346, 571, 69.41368866, 15.79323673, 10814.50, 11, 3331.063, 145, 187, 20303.57, 39.58, -99, 3
3350, 572, 69.41359711, 15.79388142, 10840.00, 10, 3328.688, 145, 187, 20245.59, 39.91, -97, 3
3354, 573, 69.41355133, 15.79459381, 10878.50, 9, 3318.625, 145, 187, 20172.50, 40.01, -97, 3
3358, 574, 69.41344452, 15.79547977, 10908.00, 9, 3311.625, 145, 187, 20114.13, 39.84, -94, 3
3362, 575, 69.41339111, 15.79632950, 10935.50, 9, 3313.438, 145, 187, 20039.73, 39.78, -95, 3
3366, 576, 69.41326141, 15.79729843, 10956.00, 9, 3313.938, 145, 186, 19980.69, 39.68, -94, 1
3370, 577, 69.41318512, 15.79828167, 10976.50, 10, 3317.938, 145, 188, 19897.64, 39.88, -99, 3
3374, 578, 69.41298676, -15.79951859, 10978.50, 11, 3324.375, 81, 188, -1.00, 39.83, -96, 0
3378, 579, 69.41287994, 15.80049801, 10987.50, 9, 3328.688, 81, 188, 32053.83, 39.92, -97, 1
3382, 580, 69.41276550, 15.17635155, 11002.50, 10, 3335.438, 145, 188, 19676.72, 39.69, -98, 2
3386, 581, 69.41271973, -0.00000000, 11020.50, 9, 3336.688, 145, 188, 19606.31, 39.77, -95, 2
3390, 582, 69.41255951, 15.80345631, 11022.00, 9, 3340.000, 145, 189, 19510.69, 39.84, -97, 3
3394, 583, 69.41240692, 15.80426311, 11029.00, 9, 3339.375, 145, 190, 19458.94, 39.83, -98, 3
3398, 584, 69.41229248, 15.80497646, 11034.00, 10, 3344.813, 145, 193, 6508.40, 100.00, -97, 3
3402, 585, 69.41217804, -0.00000000, 11038.00, 9, 3345.750, 144, 66, 6508.40, 100.00, -96, 0
3407, 586, 69.41202545, -1.00000000, 11040.00, 9, 3568.625, 144, 195, 6508.40, 100.00, -98, 0
3411, 587, 69.41194153, -1.00000000, 11041.50, 9, 3345.563, 144, 194, 6508.40, 100.00, -97, 0
3415, 588, 69.41185760, 15.80876541, 11044.50, 9, 3344.125, 144, 196, 6508.40, 100.00, -97, 3
3420, 589, 69.41182709, 15.81009674, 11048.50, 9, 3341.000, 144, 196, 6508.40, 100.00, -97, 3
3424, 590, 69.41173553, 15.81100845, 11060.00, 10, 3336.875, 144, 196, 6508.40, 100.00, -97, 3
3428, 591, 69.41167450, 15.81232452, 11062.00, 9, 3340.125, 144, 196, 6508.40, 100.00, -96, 3
3432, 592, 69.41165924, 15.81362343, 11077.00, 9, 3343.813, 144, 196, 6508.40, 100.00, -98, 3
3437, 593, 69.41164398, 15.81502628, 11083.50, 10, 3338.688, 144, 196, 6508.40, 100.00, -96, 3
3441, 594, 34.70577621, -1.00000000, 11086.00, 9, 3331.750, 144, 197, 6508.40, 100.00, -97, 2
3445, 595, 69.41159821, -1.00000000, 11104.00, 9, 3328.188, 144, 196, 6508.40, 99.71, -96, 0
3450, 596, 69.41168976, 15.81820965, 11159.50, 9, 3323.625, 144, 197, 6508.40, 100.00, -98, 3
3454, 597, 69.41161346, 15.81924534, 11168.00, 11, 3323.688, 144, 197, 6508.40, 100.00, -97, 3
3458, 598, 69.41149139, 15.82044792, 11177.00, 9, 3322.875, 144, 197, 6508.40, 100.00, -96, 1
3462, 599, 69.41143036, -1.00000000, 11194.50, 10, 3315.375, 144, 198, 6508.40, 100.00, -98, 2
3467, 600, 69.41143799, 15.82298851, 11248.50, 9, 3312.125, 144, 198, 6508.40, 100.00, -98, 3
3471, 601, 69.41133881, 15.82391357, 11258.00, 9, 3304.250, 144, 198, 6508.40, 100.00, -98, 3
3475, 602, 69.41127014, 15.82506371, 11283.00, 10, 3311.125, 143, 198, 6508.40, 100.00, -98, 3
3480, 603, 69.41128540, 15.82592678, 11320.50, 9, 3316.438, 143, 198, 6508.40, 100.00, -98, 3
3484, 604, 69.41132355, -0.00000000, 11338.50, 8, 1785.188, 143, 198, 5996.40, 99.98, -98, 0
3488, 605, 69.41127014, 15.82835865, 11359.00, 8, 3332.438, 143, 199, 6508.40, 100.00, -98, 3
3492, 606, 69.41128540, 15.82957363, 11392.00, 9, 3339.875, 143, 199, 6508.40, 100.00, -98, 3
3497, 607, 69.41126251, 4249652736.00000000, 11517.00, 8, 3344.500, 143, 198, 6508.40, 100.00, -98, 2
3501, 608, 69.41117096, 15.83287525, 11420.50, 8, 3351.125, 143, 199, 6508.40, 100.00, -98, 3
3505, 609, 69.41108704, 15.83427143, 11429.50, 8, 3348.938, 143, 199, 6508.40, 100.00, -99, 3
3510, 610, 69.41089630, 4053.99462891, 11433.50, 8, 3350.875, 134, 199, 6508.40, 100.00, -99, 0
3514, 611, 69.41082001, 15.83683872, 11446.00, 8, 3348.313, 143, 200, 6508.40, 100.00, -99, 3
3518, 612, 69.41065216, 15.83804512, 11450.00, 9, 3355.750, 143, 200, 6508.40, 100.00, -98, 3
3523, 613, 69.41032410, 15.83973122, 11453.00, 8, 3356.750, 143, 200, 6508.40, 100.00, -99, 3
3527, 614, 69.41132355, 15.83951664, 11873.50, 10, 3360.625, 143, 201, 6508.40, 100.00, -98, 3
3531, 615, 69.41111755, 15.84071350, 11885.50, 9, 3364.250, 143, 201, 6508.40, 100.00, -97, 3
3535, 616, 69.41097260, 15.84202862, 11904.50, 10, 3366.000, 143, 201, 6508.40, 100.00, -98, 3
3540, 617, 69.41080475, 15.84360123, 11910.50, 11, 3365.000, 143, 201, 6508.40, 100.00, -98, 3
3544, 618, 69.41063690, -1.00000000, 11915.00, 10, 3524.125, 143, 201, 5996.40, 99.95, -96, 0
3548, 619, 69.41039276, 15.84650803, 11922.00, 10, 3362.500, 143, 201, 6508.40, 100.00, -97, 3
3553, 620, 69.41003418, 15.84853458, 11929.50, 8, 3370.250, 142, 201, 6508.40, 100.00, -98, 3
3557, 621, 69.40975189, 15.85017872, 11932.50, 8, 3372.313, 142, 201, 6508.40, 100.00, -98, 3
3561, 622, 69.40955353, 15.85150719, 11941.00, 8, 3374.625, 142, 202, 6508.40, 100.00, -98, 3
3565, 623, 69.40934753, 15.85301971, 11947.00, 8, 3370.250, 142, 201, 6508.40, 100.00, -98, 3
3570, 29296, 42.70466614, 15.85332680, 12103.50, 8, 3360.500, 142, 201, 6508.40, 100.00, -98, 2
3574, 625, 69.40908051, 15.85451698, 12116.00, 8, 3354.250, 142, 202, 6508.40, 100.00, -96, 3
3578, 626, 69.40883636, 15.85550880, 12132.50, 10, 3355.625, 142, 202, 6508.40, 100.00, -98, 3
3583, 627, 69.42225647, 0.00000000, 12156.50, 10, 3576.688, 142, 202, 6508.40, 99.78, -98, 0
3587, 628, 69.40838623, 15.85795212, 12176.00, 11, 3344.375, 142, 202, 6508.40, 100.00, -97, 3
3591, 629, 69.40811920, 15.85909843, 12179.00, 9, 3344.063, 142, 202, 6508.40, 100.00, -97, 3
3595, 630, 69.40791321, 15.86017513, 12186.00, 10, 3340.375, 142, 202, 6508.40, 100.00, -98, 3
3600, 631, 69.40771484, 15.86146355, 12209.00, 9, 3335.500, 142, 202, 6508.40, 100.00, -98, 3
3604, 632, 69.40757751, 15.86241817, 12236.00, 10, 3337.438, 142, 202, 5996.40, 100.00, -99, 1
3608, 633, 69.40732574, 15.86344147, 12238.50, 10, 3345.375, 142, 202, 6508.40, 100.00, -97, 3
3613, 634, 69.40699768, 15.86472797, 12248.50, 11, 3350.813, 141, 202, 6508.40, 100.00, -96, 3
3617, 635, 69.40676880, 15.86555481, 12256.00, 8, 3360.438, 141, 203, 6508.40, 100.00, -94, 3
3621, 636, 69.40642548, 15.86645508, 12262.00, 9, 3368.438, 141, 203, 5996.40, 99.80, -96, 1
3625, 637, 69.40612030, 15.86739540, 12265.50, 9, 3377.375, 141, 203, 6508.40, 99.95, -95, 1
3630, 638, 69.40574646, -1.00000000, 12269.00, 8, 3384.250, 142, 203, 6508.40, 99.99, -97, 0
3634, 639, 69.40555573, 15.86959648, 12269.50, 10, 3386.000, 142, 204, 6508.40, 100.00, -96, 3
3638, 640, 69.40537262, -0.00000000, 12270.50, 9, 3386.625, 142, 172, 6508.40, 99.95, -97, 0
3643, 641, 69.40509033, 15.87150669, 12273.50, 9, 3386.813, 142, 204, 6508.40, 100.00, -97, 3
3647, 642, 69.40479279, 15.87228870, 12274.00, 8, 3386.188, 141, 204, 6508.40, 100.00, -98, 3
3651, 643, 69.40444183, 15.87324524, 12276.00, 9, 3386.688, 141, 204, 6508.40, 100.00, -95, 3
3655, 644, 69.40412140, 15.87415791, 12275.00, 9, 316.500, 141, 204, 6508.40, 99.99, -98, 1
3660, 645, 69.40377808, 15.87505531, 12275.50, 8, 3394.125, 141, 205, 6508.40, 100.00, -95, 3
3664, 646, 69.40352631, 15.87576199, 12275.50, 9, 3400.250, 141, 205, 6508.40, 100.00, -97, 3
3668, 647, 69.40404510, 15.87590790, 12607.50, 9, 3402.063, 141, 205, 6508.40, 100.00, -99, 3
3673, 648, 69.40376282, -1.00000000, 12615.00, 10, 3402.125, 141, 206, 8044.40, 99.98, -97, 0
3677, 649, 69.40282440, 4262134016.00000000, 12623.50, 10, 3369.125, 140, 205, 6508.40, 100.00, -97, 0
3681, 650, 69.40328217, 15.87835693, 12627.00, 8, 3401.750, 141, 205, 6508.40, 100.00, -96, 3
3686, 651, 69.40294647, -1.00000000, 12644.00, 90, 3405.938, 140, 205, 6508.40, 100.00, -94, 0
3690, 652, 69.40267181, 15.87994671, 12659.50, 8, 3408.875, 141, 206, 6508.40, 100.00, -97, 3
3694, 653, 69.40242004, 15.88055992, 12663.50, 9, 3413.813, 141, 206, 6508.40, 100.00, -98, 3
3698, 654, 69.40227509, 15.88150024, 12702.00, 9, 3413.250, 140, 206, 6508.40, 100.00, -97, 3
3703, 655, 69.40208435, 15.88246155, 12747.00, 9, 3409.938, 140, 206, 6508.40, 100.00, -98, 3
3707, 656, 69.40188599, -0.00000000, 12761.00, 10, 3409.500, 140, 206, 6508.40, 99.95, -98, 0
3711, 657, 69.40163422, 15.88410187, 12769.50, 10, 3409.938, 140, 207, 6508.40, 100.00, -97, 3
3716, 658, 69.40142822, 15.88519478, 12790.50, 10, 3413.375, 140, 207, 6508.40, 100.00, -97, 3
3720, 659, 69.40114594, 15.88608646, 12803.50, 10, 3419.438, 140, 207, 6508.40, 100.00, -97, 3
3724, 660, 69.40084839, 15.88698196, 12806.00, 9, 3424.875, 140, 207, 6508.40, 100.00, -97, 3
3729, 661, 69.40056610, 15.88794708, 12812.00, 10, 3435.438, 140, 207, 6508.40, 100.00, -96, 3
3733, 662, 69.40021515, 15.88893032, 12820.00, 9, 3437.875, 140, 207, 6508.40, 100.00, -97, 3
3737, 663, 69.39991760, 15.88973522, 12821.00, 8, 3438.313, 140, 207, 6508.40, 100.00, -98, 3
3741, 664, 69.39965820, -1.00000000, 12819.50, 10, 3438.500, 140, 207, 6508.40, 100.00, -99, 2
3746, 665, 69.39933777, 15.89213181, 12821.00, 9, 3432.438, 140, 207, 6508.40, 100.00, -95, 3
3750, 666, 69.39913177, 15.89334488, 12826.50, 8, 3430.625, 140, 206, 6508.40, 100.00, -94, 3
3754, 667, 69.39888763, -15.89367390, 12828.00, 9, 3432.750, 140, 206, 0.00, 97.66, -97, 0
3759, 668, 69.39858246, -1.00000000, 12835.50, 9, 3432.438, 140, 207, -1.00, 100.00, -98, 0
3763, 669, 69.39846802, 15.89704323, 12838.00, 8, 3435.750, 139, 207, 6508.40, 100.00, -96, 3
3767, 670, 69.39826202, 15.89792633, 12845.00, 9, 3443.438, 139, 207, 6508.40, 100.00, -98, 3
3772, 671, 69.39799500, 15.89906502, 12850.00, 8, 3447.625, 139, 207, 6508.40, 100.00, -97, 3
3776, 672, 69.39777374, 15.90006638, 12851.50, 9, 3451.500, 139, 207, 6508.40, 100.00, -98, 3
3780, 673, 69.39750671, 15.90103340, 12856.00, 9, 3458.500, 139, 207, 6508.40, 100.00, -97, 3
3784, 674, 69.39721680, 15.90195179, 12861.00, 9, 3461.250, 139, 207, 6508.40, 100.00, -98, 3
3789, 675, 69.39689636, 15.90301704, 12877.50, 9, 3461.688, 139, 207, 6508.40, 100.00, -97, 3
3793, 676, 69.39669800, 15.90362835, 12916.50, 8, 3459.625, 139, 208, 6508.40, 100.00, -96, 3
3797, 677, 69.39649963, 15.90439510, 12928.50, 11, 3459.063, 139, 207, 6508.40, 100.00, -96, 3
3802, 678, 69.39625549, 15.90535641, 12934.00, 11, 3464.938, 139, 208, 6508.40, 100.00, -94, 3
3806, 679, 69.39613342, 15.90621185, 12935.50, 10, 3464.125, 139, 208, 6508.40, 99.95, -94, 1
3810, 680, 69.39593506, 15.90683174, 12954.50, 9, 3464.500, 139, 208, 6508.40, 99.95, -96, 1
3815, 681, 69.39577484, 15.90818310, 13002.00, 10, 3465.313, 138, 208, 6508.40, 99.95, -96, 1
3819, 682, 69.39561462, 15.90981865, 13071.00, 10, 3459.625, 138, 208, 6508.40, 100.00, -97, 3
3823, 683, 69.39545441, 15.91102028, 13096.50, 217, 985.813, 234, 86, 0.00, 59.54, -100, 0
3828, 64177, -108462.36718750, -1.00000000, 31930.50, 151, 847.875, 106, 30, -1.00, 30.27, -93, 0
,,,,,,,,,,,,-1
3835, 1, 0.00000000, 0.00000000, 0.00, 0, 3461.938, 139, 209, 0.00, 1.58, -95, 1
,,,,,,,,,,,,-1
,,,,,,,,,,,,-1
3849, 1, 0.00000000, 0.00000000, 4.00, 48, 1966.188, 6, 121, -1.00, 33.31, -97, 0
,,,,,,,,,,,,-1
,,,,,,,,,,,,-1
,,,,,,,,,,,,-1
,,,,,,,,,,,,-1
,,,,,,,,,,,,-1
,,,,,,,,,,,,-1
,,,,,,,,,,,,-1
,,,,,,,,,,,,-1
,,,,,,,,,,,,-1
,,,,,,,,,,,,-1
3904, 38385, 0.00000000, -0.00002125, 1935.50, 164, 3596.063, 212, 216, -1.00, 53.53, -100, 0
,,,,,,,,,,,,-1
3911, 1, 0.00000000, -0.00000000, 1.00, 0, 3527.500, 72, 209, -1.00, 0.31, -97, 0
3916, 2, 0.00000000, 0.00000000, 0.00, 0, 3519.188, 135, 210, 0.00, 0.00, -95, 3
3920, 3, 0.00000000, 0.00000000, 8.00, 0, 1539.063, 142, 209, 0.00, 0.06, -97, 0
3924, 4, 69.36884308, -1.00000000, 3358.50, 4, 3509.813, 23, 210, 0.00, 42.26, -98, 0
3928, 5, 65.36884308, -1.00000000, 3358.50, 4, 3531.063, 7, 201, 0.00, 52.34, -97, 0
3933, 1, 0.00000000, 168522.25000000, 16384.00, 200, 426.938, 141, 250, -1.00, 3.08, -100, 0
,,,,,,,,,,,,-1
,,,,,,,,,,,,-1
,,,,,,,,,,,,-1
,,,,,,,,,,,,-1
,,,,,,,,,,,,-1
,,,,,,,,,,,,-1
,,,,,,,,,,,,-1
,,,,,,,,,,,,-1
,,,,,,,,,,,,-1
,,,,,,,,,,,,-1
,,,,,,,,,,,,-1
,,,,,,,,,,,,-1
,,,,,,,,,,,,-1
,,,,,,,,,,,,-1
4008, 1, 0.00000000, 168522.25000000, 16384.00, 200, 426.938, 141, 250, -1.00, 3.08, -100, 0
4012, 2, 0.00000000, 0.00000000, 5884.00, 64, 1933.938, 137, 172, -1.00, 31.38, -97, 0
,,,,,,,,,,,,-1
4019, 1, 0.00000000, 3.97558594, 10305.00, 0, 2774.688, 23, 240, -1.00, 54.71, -95, 0
,,,,,,,,,,,,-1
,,,,,,,,,,,,-1
,,,,,,,,,,,,-1
,,,,,,,,,,,,-1
,,,,,,,,,,,,-1
,,,,,,,,,,,,-1
,,,,,,,,,,,,-1
,,,,,,,,,,,,-1
,,,,,,,,,,,,-1
,,,,,,,,,,,,-1
,,,,,,,,,,,,-1
,,,,,,,,,,,,-1
,,,,,,,,,,,,-1
,,,,,,,,,,,,-1
,,,,,,,,,,,,-1
,,,,,,,,,,,,-1
,,,,,,,,,,,,-1
,,,,,,,,,,,,-1
,,,,,,,,,,,,-1
,,,,,,,,,,,,-1
,,,,,,,,,,,,-1
,,,,,,,,,,,,-1
,,,,,,,,,,,,-1
,,,,,,,,,,,,-1
,,,,,,,,,,,,-1
,,,,,,,,,,,,-1
,,,,,,,,,,,,-1
